<?xml version="1.0" encoding="UTF-8"?>
<!-- Generated by org.testng.reporters.JUnitXMLReporter -->
<testsuite ignored="2" hostname="LAPTOP-U8JJ59ON" failures="0" tests="1" name="Test2" time="17.159" errors="0" timestamp="2025-06-10T18:52:46 IST">
  <testcase classname="test.TestNG_Demo" name="googleSearchTest" time="6.919"/>
  <testcase classname="test.TestNG_Demo2" name="googleSearchTest3" time="0.0">
    <ignored/>
  </testcase> <!-- googleSearchTest3 -->
  <testcase classname="test.TestNG_Demo2" name="googleSearchTest2" time="0.0">
    <ignored/>
  </testcase> <!-- googleSearchTest2 -->
</testsuite> <!-- Test2 -->
